The following modules were not unloaded:
  (Use "module --force purge" to unload all):

  1) 2023.01   2) StdEnv

## Package Plan ##

  environment location: /home4/s5193559/.conda/envs/Bsc_Env


The following packages will be REMOVED:

  _libgcc_mutex-0.1-main
  _openmp_mutex-5.1-1_gnu
  bzip2-1.0.8-h5eee18b_6
  ca-certificates-2025.1.31-hbcca054_0
  expat-2.7.1-h6a678d5_0
  freeglut-3.4.0-h6a678d5_0
  ld_impl_linux-64-2.40-h12ee557_0
  libblas-3.9.0-15_linux64_openblas
  libcblas-3.9.0-15_linux64_openblas
  libdrm-2.4.124-h5eee18b_0
  libegl-1.7.0-ha4b6fd6_2
  libffi-3.4.4-h6a678d5_1
  libgcc-ng-11.2.0-h1234567_1
  libgfortran-ng-11.2.0-h00389a5_1
  libgfortran5-11.2.0-h1234567_1
  libgl-1.7.0-ha4b6fd6_2
  libglu-9.0.3-h60c0c69_1
  libglvnd-1.7.0-ha4b6fd6_2
  libglx-1.7.0-ha4b6fd6_2
  libgomp-11.2.0-h1234567_1
  liblapack-3.9.0-15_linux64_openblas
  libopenblas-0.3.20-pthreads_h78a6416_0
  libpciaccess-0.18-h5eee18b_0
  libstdcxx-ng-11.2.0-h1234567_1
  libuuid-1.41.5-h5eee18b_0
  libxcb-1.17.0-h9b100fa_0
  ncurses-6.4-h6a678d5_0
  numpy-1.21.6-py310h45f3432_0
  openblas-0.3.20-pthreads_h320a7e8_0
  opensim-4.4.1-py310np121
  openssl-3.0.16-h5eee18b_0
  pip-25.1-pyhc872135_2
  pthread-stubs-0.3-h0ce48e5_1
  python-3.10.18-h1a3bd86_0
  python_abi-3.10-2_cp310
  readline-8.2-h5eee18b_0
  setuptools-78.1.1-py310h06a4308_0
  simbody-3.7-h64f3f5a_3
  sqlite-3.50.2-hb25bd0a_1
  tk-8.6.14-h993c535_1
  tzdata-2025b-h04d1e81_0
  wheel-0.45.1-py310h06a4308_0
  xorg-libx11-1.8.12-h9b100fa_1
  xorg-libxau-1.0.12-h9b100fa_0
  xorg-libxdamage-1.1.6-h9b100fa_0
  xorg-libxdmcp-1.1.5-h9b100fa_0
  xorg-libxext-1.3.6-h9b100fa_0
  xorg-libxfixes-6.0.1-h9b100fa_0
  xorg-libxxf86vm-1.1.6-h9b100fa_0
  xorg-xorgproto-2024.1-h5eee18b_1
  xz-5.6.4-h5eee18b_1
  zlib-1.2.13-h5eee18b_1


Preparing transaction: ...working... done
Verifying transaction: ...working... done
Executing transaction: ...working... done

Remove all packages in environment /home4/s5193559/.conda/envs/Bsc_Env:

Collecting package metadata (current_repodata.json): ...working... done
Solving environment: ...working... done

## Package Plan ##

  environment location: /home4/s5193559/.conda/envs/Bsc_Env

  added / updated specs:
    - pip
    - python=3.10


The following NEW packages will be INSTALLED:

  _libgcc_mutex      pkgs/main/linux-64::_libgcc_mutex-0.1-main
  _openmp_mutex      pkgs/main/linux-64::_openmp_mutex-5.1-1_gnu
  bzip2              pkgs/main/linux-64::bzip2-1.0.8-h5eee18b_6
  ca-certificates    pkgs/main/linux-64::ca-certificates-2025.2.25-h06a4308_0
  expat              pkgs/main/linux-64::expat-2.7.1-h6a678d5_0
  ld_impl_linux-64   pkgs/main/linux-64::ld_impl_linux-64-2.40-h12ee557_0
  libffi             pkgs/main/linux-64::libffi-3.4.4-h6a678d5_1
  libgcc-ng          pkgs/main/linux-64::libgcc-ng-11.2.0-h1234567_1
  libgomp            pkgs/main/linux-64::libgomp-11.2.0-h1234567_1
  libstdcxx-ng       pkgs/main/linux-64::libstdcxx-ng-11.2.0-h1234567_1
  libuuid            pkgs/main/linux-64::libuuid-1.41.5-h5eee18b_0
  libxcb             pkgs/main/linux-64::libxcb-1.17.0-h9b100fa_0
  ncurses            pkgs/main/linux-64::ncurses-6.4-h6a678d5_0
  openssl            pkgs/main/linux-64::openssl-3.0.16-h5eee18b_0
  pip                pkgs/main/noarch::pip-25.1-pyhc872135_2
  pthread-stubs      pkgs/main/linux-64::pthread-stubs-0.3-h0ce48e5_1
  python             pkgs/main/linux-64::python-3.10.18-h1a3bd86_0
  readline           pkgs/main/linux-64::readline-8.2-h5eee18b_0
  setuptools         pkgs/main/linux-64::setuptools-78.1.1-py310h06a4308_0
  sqlite             pkgs/main/linux-64::sqlite-3.50.2-hb25bd0a_1
  tk                 pkgs/main/linux-64::tk-8.6.14-h993c535_1
  tzdata             pkgs/main/noarch::tzdata-2025b-h04d1e81_0
  wheel              pkgs/main/linux-64::wheel-0.45.1-py310h06a4308_0
  xorg-libx11        pkgs/main/linux-64::xorg-libx11-1.8.12-h9b100fa_1
  xorg-libxau        pkgs/main/linux-64::xorg-libxau-1.0.12-h9b100fa_0
  xorg-libxdmcp      pkgs/main/linux-64::xorg-libxdmcp-1.1.5-h9b100fa_0
  xorg-xorgproto     pkgs/main/linux-64::xorg-xorgproto-2024.1-h5eee18b_1
  xz                 pkgs/main/linux-64::xz-5.6.4-h5eee18b_1
  zlib               pkgs/main/linux-64::zlib-1.2.13-h5eee18b_1


Preparing transaction: ...working... done
Verifying transaction: ...working... done
Executing transaction: ...working... done


==> WARNING: A newer version of conda exists. <==
  current version: 4.8.3
  latest version: 25.5.1

Please update conda by running

    $ conda update -n base -c defaults conda


#
# To activate this environment, use
#
#     $ conda activate Bsc_Env
#
# To deactivate an active environment, use
#
#     $ conda deactivate

Collecting package metadata (current_repodata.json): ...working... done
Solving environment: ...working... 
The environment is inconsistent, please check the package plan carefully
The following packages are causing the inconsistency:

  - defaults/linux-64::libstdcxx-ng==11.2.0=h1234567_1
  - defaults/linux-64::libgcc-ng==11.2.0=h1234567_1
  - defaults/linux-64::bzip2==1.0.8=h5eee18b_6
  - defaults/linux-64::expat==2.7.1=h6a678d5_0
  - defaults/linux-64::libffi==3.4.4=h6a678d5_1
  - defaults/linux-64::libuuid==1.41.5=h5eee18b_0
  - defaults/linux-64::ncurses==6.4=h6a678d5_0
  - defaults/linux-64::openssl==3.0.16=h5eee18b_0
  - defaults/linux-64::pthread-stubs==0.3=h0ce48e5_1
  - defaults/linux-64::xorg-libxau==1.0.12=h9b100fa_0
  - defaults/linux-64::xorg-libxdmcp==1.1.5=h9b100fa_0
  - defaults/linux-64::xorg-xorgproto==2024.1=h5eee18b_1
  - defaults/linux-64::xz==5.6.4=h5eee18b_1
  - defaults/linux-64::zlib==1.2.13=h5eee18b_1
  - defaults/linux-64::libxcb==1.17.0=h9b100fa_0
  - defaults/linux-64::readline==8.2=h5eee18b_0
  - defaults/linux-64::sqlite==3.50.2=hb25bd0a_1
  - defaults/linux-64::xorg-libx11==1.8.12=h9b100fa_1
  - defaults/linux-64::tk==8.6.14=h993c535_1
  - defaults/linux-64::python==3.10.18=h1a3bd86_0
  - defaults/linux-64::setuptools==78.1.1=py310h06a4308_0
  - defaults/linux-64::wheel==0.45.1=py310h06a4308_0
  - defaults/noarch::pip==25.1=pyhc872135_2
done

## Package Plan ##

  environment location: /home4/s5193559/.conda/envs/Bsc_Env

  added / updated specs:
    - opensim=4.4
    - simbody


The following NEW packages will be INSTALLED:

  freeglut           pkgs/main/linux-64::freeglut-3.4.0-h6a678d5_0
  libblas            conda-forge/linux-64::libblas-3.9.0-15_linux64_openblas
  libcblas           conda-forge/linux-64::libcblas-3.9.0-15_linux64_openblas
  libdrm             pkgs/main/linux-64::libdrm-2.4.124-h5eee18b_0
  libegl             conda-forge/linux-64::libegl-1.7.0-ha4b6fd6_2
  libgfortran-ng     pkgs/main/linux-64::libgfortran-ng-11.2.0-h00389a5_1
  libgfortran5       pkgs/main/linux-64::libgfortran5-11.2.0-h1234567_1
  libgl              conda-forge/linux-64::libgl-1.7.0-ha4b6fd6_2
  libglu             pkgs/main/linux-64::libglu-9.0.3-h60c0c69_1
  libglvnd           conda-forge/linux-64::libglvnd-1.7.0-ha4b6fd6_2
  libglx             conda-forge/linux-64::libglx-1.7.0-ha4b6fd6_2
  liblapack          conda-forge/linux-64::liblapack-3.9.0-15_linux64_openblas
  libopenblas        conda-forge/linux-64::libopenblas-0.3.20-pthreads_h78a6416_0
  libpciaccess       pkgs/main/linux-64::libpciaccess-0.18-h5eee18b_0
  numpy              conda-forge/linux-64::numpy-1.21.6-py310h45f3432_0
  openblas           conda-forge/linux-64::openblas-0.3.20-pthreads_h320a7e8_0
  opensim            opensim-org/linux-64::opensim-4.4.1-py310np121
  python_abi         conda-forge/linux-64::python_abi-3.10-2_cp310
  simbody            conda-forge/linux-64::simbody-3.7-h64f3f5a_3
  xorg-libxdamage    pkgs/main/linux-64::xorg-libxdamage-1.1.6-h9b100fa_0
  xorg-libxext       pkgs/main/linux-64::xorg-libxext-1.3.6-h9b100fa_0
  xorg-libxfixes     pkgs/main/linux-64::xorg-libxfixes-6.0.1-h9b100fa_0
  xorg-libxxf86vm    pkgs/main/linux-64::xorg-libxxf86vm-1.1.6-h9b100fa_0

The following packages will be SUPERSEDED by a higher-priority channel:

  ca-certificates    pkgs/main::ca-certificates-2025.2.25-~ --> conda-forge::ca-certificates-2025.1.31-hbcca054_0


Proceed ([y]/n)? 
Preparing transaction: ...working... done
Verifying transaction: ...working... done
Executing transaction: ...working... done


==> WARNING: A newer version of conda exists. <==
  current version: 4.8.3
  latest version: 25.5.1

Please update conda by running

    $ conda update -n base -c defaults conda


Requirement already satisfied: pip in /home4/s5193559/.conda/envs/Bsc_Env/lib/python3.10/site-packages (25.1)
Collecting pip
  Using cached pip-25.1.1-py3-none-any.whl.metadata (3.6 kB)
Requirement already satisfied: wheel in /home4/s5193559/.conda/envs/Bsc_Env/lib/python3.10/site-packages (0.45.1)
Using cached pip-25.1.1-py3-none-any.whl (1.8 MB)
Installing collected packages: pip
  Attempting uninstall: pip
    Found existing installation: pip 25.1
    Uninstalling pip-25.1:
      Successfully uninstalled pip-25.1
Successfully installed pip-25.1.1
Collecting pre-commit==3.3.3 (from -r requirements.txt (line 1))
  Using cached pre_commit-3.3.3-py2.py3-none-any.whl.metadata (1.3 kB)
Collecting gymnasium==0.29.0 (from -r requirements.txt (line 2))
  Using cached gymnasium-0.29.0-py3-none-any.whl.metadata (10 kB)
Collecting torch==2.1.2 (from -r requirements.txt (line 3))
  Using cached torch-2.1.2-cp310-cp310-manylinux1_x86_64.whl.metadata (25 kB)
Collecting pandas==2.0.3 (from -r requirements.txt (line 4))
  Using cached pandas-2.0.3-cp310-cp310-manylinux_2_17_x86_64.manylinux2014_x86_64.whl.metadata (18 kB)
Collecting matplotlib==3.7.2 (from -r requirements.txt (line 5))
  Using cached matplotlib-3.7.2-cp310-cp310-manylinux_2_17_x86_64.manylinux2014_x86_64.whl.metadata (5.6 kB)
Collecting numpy==1.24.1 (from -r requirements.txt (line 6))
  Using cached numpy-1.24.1-cp310-cp310-manylinux_2_17_x86_64.manylinux2014_x86_64.whl.metadata (5.6 kB)
Collecting cloudpickle==2.2.1 (from -r requirements.txt (line 7))
  Using cached cloudpickle-2.2.1-py3-none-any.whl.metadata (6.9 kB)
Collecting stable-baselines3==2.2.1 (from stable-baselines3[extra]==2.2.1->-r requirements.txt (line 8))
  Using cached stable_baselines3-2.2.1-py3-none-any.whl.metadata (5.0 kB)
Collecting optuna==3.3.0 (from -r requirements.txt (line 9))
  Using cached optuna-3.3.0-py3-none-any.whl.metadata (17 kB)
Collecting snakeviz==2.2.0 (from -r requirements.txt (line 10))
  Using cached snakeviz-2.2.0-py2.py3-none-any.whl.metadata (3.6 kB)
Collecting cfgv>=2.0.0 (from pre-commit==3.3.3->-r requirements.txt (line 1))
  Using cached cfgv-3.4.0-py2.py3-none-any.whl.metadata (8.5 kB)
Collecting identify>=1.0.0 (from pre-commit==3.3.3->-r requirements.txt (line 1))
  Using cached identify-2.6.12-py2.py3-none-any.whl.metadata (4.4 kB)
Collecting nodeenv>=0.11.1 (from pre-commit==3.3.3->-r requirements.txt (line 1))
  Using cached nodeenv-1.9.1-py2.py3-none-any.whl.metadata (21 kB)
Collecting pyyaml>=5.1 (from pre-commit==3.3.3->-r requirements.txt (line 1))
  Using cached PyYAML-6.0.2-cp310-cp310-manylinux_2_17_x86_64.manylinux2014_x86_64.whl.metadata (2.1 kB)
Collecting virtualenv>=20.10.0 (from pre-commit==3.3.3->-r requirements.txt (line 1))
  Using cached virtualenv-20.31.2-py3-none-any.whl.metadata (4.5 kB)
Collecting typing-extensions>=4.3.0 (from gymnasium==0.29.0->-r requirements.txt (line 2))
  Using cached typing_extensions-4.14.1-py3-none-any.whl.metadata (3.0 kB)
Collecting farama-notifications>=0.0.1 (from gymnasium==0.29.0->-r requirements.txt (line 2))
  Using cached Farama_Notifications-0.0.4-py3-none-any.whl.metadata (558 bytes)
Collecting filelock (from torch==2.1.2->-r requirements.txt (line 3))
  Using cached filelock-3.18.0-py3-none-any.whl.metadata (2.9 kB)
Collecting sympy (from torch==2.1.2->-r requirements.txt (line 3))
  Using cached sympy-1.14.0-py3-none-any.whl.metadata (12 kB)
Collecting networkx (from torch==2.1.2->-r requirements.txt (line 3))
  Using cached networkx-3.4.2-py3-none-any.whl.metadata (6.3 kB)
Collecting jinja2 (from torch==2.1.2->-r requirements.txt (line 3))
  Using cached jinja2-3.1.6-py3-none-any.whl.metadata (2.9 kB)
Collecting fsspec (from torch==2.1.2->-r requirements.txt (line 3))
  Using cached fsspec-2025.7.0-py3-none-any.whl.metadata (12 kB)
Collecting nvidia-cuda-nvrtc-cu12==12.1.105 (from torch==2.1.2->-r requirements.txt (line 3))
  Using cached nvidia_cuda_nvrtc_cu12-12.1.105-py3-none-manylinux1_x86_64.whl.metadata (1.5 kB)
Collecting nvidia-cuda-runtime-cu12==12.1.105 (from torch==2.1.2->-r requirements.txt (line 3))
  Using cached nvidia_cuda_runtime_cu12-12.1.105-py3-none-manylinux1_x86_64.whl.metadata (1.5 kB)
Collecting nvidia-cuda-cupti-cu12==12.1.105 (from torch==2.1.2->-r requirements.txt (line 3))
  Using cached nvidia_cuda_cupti_cu12-12.1.105-py3-none-manylinux1_x86_64.whl.metadata (1.6 kB)
Collecting nvidia-cudnn-cu12==8.9.2.26 (from torch==2.1.2->-r requirements.txt (line 3))
  Using cached nvidia_cudnn_cu12-8.9.2.26-py3-none-manylinux1_x86_64.whl.metadata (1.6 kB)
Collecting nvidia-cublas-cu12==12.1.3.1 (from torch==2.1.2->-r requirements.txt (line 3))
  Using cached nvidia_cublas_cu12-12.1.3.1-py3-none-manylinux1_x86_64.whl.metadata (1.5 kB)
Collecting nvidia-cufft-cu12==11.0.2.54 (from torch==2.1.2->-r requirements.txt (line 3))
  Using cached nvidia_cufft_cu12-11.0.2.54-py3-none-manylinux1_x86_64.whl.metadata (1.5 kB)
Collecting nvidia-curand-cu12==10.3.2.106 (from torch==2.1.2->-r requirements.txt (line 3))
  Using cached nvidia_curand_cu12-10.3.2.106-py3-none-manylinux1_x86_64.whl.metadata (1.5 kB)
Collecting nvidia-cusolver-cu12==11.4.5.107 (from torch==2.1.2->-r requirements.txt (line 3))
  Using cached nvidia_cusolver_cu12-11.4.5.107-py3-none-manylinux1_x86_64.whl.metadata (1.6 kB)
Collecting nvidia-cusparse-cu12==12.1.0.106 (from torch==2.1.2->-r requirements.txt (line 3))
  Using cached nvidia_cusparse_cu12-12.1.0.106-py3-none-manylinux1_x86_64.whl.metadata (1.6 kB)
Collecting nvidia-nccl-cu12==2.18.1 (from torch==2.1.2->-r requirements.txt (line 3))
  Using cached nvidia_nccl_cu12-2.18.1-py3-none-manylinux1_x86_64.whl.metadata (1.8 kB)
Collecting nvidia-nvtx-cu12==12.1.105 (from torch==2.1.2->-r requirements.txt (line 3))
  Using cached nvidia_nvtx_cu12-12.1.105-py3-none-manylinux1_x86_64.whl.metadata (1.7 kB)
Collecting triton==2.1.0 (from torch==2.1.2->-r requirements.txt (line 3))
  Using cached triton-2.1.0-0-cp310-cp310-manylinux2014_x86_64.manylinux_2_17_x86_64.whl.metadata (1.3 kB)
Collecting python-dateutil>=2.8.2 (from pandas==2.0.3->-r requirements.txt (line 4))
  Using cached python_dateutil-2.9.0.post0-py2.py3-none-any.whl.metadata (8.4 kB)
Collecting pytz>=2020.1 (from pandas==2.0.3->-r requirements.txt (line 4))
  Using cached pytz-2025.2-py2.py3-none-any.whl.metadata (22 kB)
Collecting tzdata>=2022.1 (from pandas==2.0.3->-r requirements.txt (line 4))
  Using cached tzdata-2025.2-py2.py3-none-any.whl.metadata (1.4 kB)
Collecting contourpy>=1.0.1 (from matplotlib==3.7.2->-r requirements.txt (line 5))
  Using cached contourpy-1.3.2-cp310-cp310-manylinux_2_17_x86_64.manylinux2014_x86_64.whl.metadata (5.5 kB)
Collecting cycler>=0.10 (from matplotlib==3.7.2->-r requirements.txt (line 5))
  Using cached cycler-0.12.1-py3-none-any.whl.metadata (3.8 kB)
Collecting fonttools>=4.22.0 (from matplotlib==3.7.2->-r requirements.txt (line 5))
  Using cached fonttools-4.59.0-cp310-cp310-manylinux2014_x86_64.manylinux_2_17_x86_64.whl.metadata (107 kB)
Collecting kiwisolver>=1.0.1 (from matplotlib==3.7.2->-r requirements.txt (line 5))
  Using cached kiwisolver-1.4.8-cp310-cp310-manylinux_2_12_x86_64.manylinux2010_x86_64.whl.metadata (6.2 kB)
Collecting packaging>=20.0 (from matplotlib==3.7.2->-r requirements.txt (line 5))
  Using cached packaging-25.0-py3-none-any.whl.metadata (3.3 kB)
Collecting pillow>=6.2.0 (from matplotlib==3.7.2->-r requirements.txt (line 5))
  Using cached pillow-11.3.0-cp310-cp310-manylinux_2_27_x86_64.manylinux_2_28_x86_64.whl.metadata (9.0 kB)
Collecting pyparsing<3.1,>=2.3.1 (from matplotlib==3.7.2->-r requirements.txt (line 5))
  Using cached pyparsing-3.0.9-py3-none-any.whl.metadata (4.2 kB)
Collecting alembic>=1.5.0 (from optuna==3.3.0->-r requirements.txt (line 9))
  Using cached alembic-1.16.4-py3-none-any.whl.metadata (7.3 kB)
Collecting cmaes>=0.10.0 (from optuna==3.3.0->-r requirements.txt (line 9))
  Using cached cmaes-0.11.1-py3-none-any.whl.metadata (18 kB)
Collecting colorlog (from optuna==3.3.0->-r requirements.txt (line 9))
  Using cached colorlog-6.9.0-py3-none-any.whl.metadata (10 kB)
Collecting sqlalchemy>=1.3.0 (from optuna==3.3.0->-r requirements.txt (line 9))
  Using cached sqlalchemy-2.0.41-cp310-cp310-manylinux_2_17_x86_64.manylinux2014_x86_64.whl.metadata (9.6 kB)
Collecting tqdm (from optuna==3.3.0->-r requirements.txt (line 9))
  Using cached tqdm-4.67.1-py3-none-any.whl.metadata (57 kB)
Collecting tornado>=2.0 (from snakeviz==2.2.0->-r requirements.txt (line 10))
  Using cached tornado-6.5.1-cp39-abi3-manylinux_2_5_x86_64.manylinux1_x86_64.manylinux_2_17_x86_64.manylinux2014_x86_64.whl.metadata (2.8 kB)
Collecting nvidia-nvjitlink-cu12 (from nvidia-cusolver-cu12==11.4.5.107->torch==2.1.2->-r requirements.txt (line 3))
  Using cached nvidia_nvjitlink_cu12-12.9.86-py3-none-manylinux2010_x86_64.manylinux_2_12_x86_64.whl.metadata (1.7 kB)
Collecting opencv-python (from stable-baselines3[extra]==2.2.1->-r requirements.txt (line 8))
  Using cached opencv_python-4.12.0.88-cp37-abi3-manylinux2014_x86_64.manylinux_2_17_x86_64.whl.metadata (19 kB)
Collecting pygame (from stable-baselines3[extra]==2.2.1->-r requirements.txt (line 8))
  Using cached pygame-2.6.1-cp310-cp310-manylinux_2_17_x86_64.manylinux2014_x86_64.whl.metadata (12 kB)
Collecting tensorboard>=2.9.1 (from stable-baselines3[extra]==2.2.1->-r requirements.txt (line 8))
  Using cached tensorboard-2.20.0-py3-none-any.whl.metadata (1.8 kB)
Collecting psutil (from stable-baselines3[extra]==2.2.1->-r requirements.txt (line 8))
  Using cached psutil-7.0.0-cp36-abi3-manylinux_2_12_x86_64.manylinux2010_x86_64.manylinux_2_17_x86_64.manylinux2014_x86_64.whl.metadata (22 kB)
Collecting rich (from stable-baselines3[extra]==2.2.1->-r requirements.txt (line 8))
  Using cached rich-14.0.0-py3-none-any.whl.metadata (18 kB)
Collecting shimmy~=1.3.0 (from shimmy[atari]~=1.3.0; extra == "extra"->stable-baselines3[extra]==2.2.1->-r requirements.txt (line 8))
  Using cached Shimmy-1.3.0-py3-none-any.whl.metadata (3.7 kB)
Collecting autorom~=0.6.1 (from autorom[accept-rom-license]~=0.6.1; extra == "extra"->stable-baselines3[extra]==2.2.1->-r requirements.txt (line 8))
  Using cached AutoROM-0.6.1-py3-none-any.whl.metadata (2.4 kB)
Collecting click (from autorom~=0.6.1->autorom[accept-rom-license]~=0.6.1; extra == "extra"->stable-baselines3[extra]==2.2.1->-r requirements.txt (line 8))
  Using cached click-8.2.1-py3-none-any.whl.metadata (2.5 kB)
Collecting requests (from autorom~=0.6.1->autorom[accept-rom-license]~=0.6.1; extra == "extra"->stable-baselines3[extra]==2.2.1->-r requirements.txt (line 8))
  Using cached requests-2.32.4-py3-none-any.whl.metadata (4.9 kB)
Collecting AutoROM.accept-rom-license (from autorom[accept-rom-license]~=0.6.1; extra == "extra"->stable-baselines3[extra]==2.2.1->-r requirements.txt (line 8))
  Using cached autorom_accept_rom_license-0.6.1-py3-none-any.whl
Collecting ale-py~=0.8.1 (from shimmy[atari]~=1.3.0; extra == "extra"->stable-baselines3[extra]==2.2.1->-r requirements.txt (line 8))
  Using cached ale_py-0.8.1-cp310-cp310-manylinux_2_17_x86_64.manylinux2014_x86_64.whl.metadata (8.1 kB)
Collecting importlib-resources (from ale-py~=0.8.1->shimmy[atari]~=1.3.0; extra == "extra"->stable-baselines3[extra]==2.2.1->-r requirements.txt (line 8))
  Using cached importlib_resources-6.5.2-py3-none-any.whl.metadata (3.9 kB)
Collecting Mako (from alembic>=1.5.0->optuna==3.3.0->-r requirements.txt (line 9))
  Using cached mako-1.3.10-py3-none-any.whl.metadata (2.9 kB)
Collecting tomli (from alembic>=1.5.0->optuna==3.3.0->-r requirements.txt (line 9))
  Using cached tomli-2.2.1-py3-none-any.whl.metadata (10 kB)
Collecting six>=1.5 (from python-dateutil>=2.8.2->pandas==2.0.3->-r requirements.txt (line 4))
  Using cached six-1.17.0-py2.py3-none-any.whl.metadata (1.7 kB)
Collecting greenlet>=1 (from sqlalchemy>=1.3.0->optuna==3.3.0->-r requirements.txt (line 9))
  Using cached greenlet-3.2.3-cp310-cp310-manylinux_2_24_x86_64.manylinux_2_28_x86_64.whl.metadata (4.1 kB)
Collecting absl-py>=0.4 (from tensorboard>=2.9.1->stable-baselines3[extra]==2.2.1->-r requirements.txt (line 8))
  Using cached absl_py-2.3.1-py3-none-any.whl.metadata (3.3 kB)
Collecting grpcio>=1.48.2 (from tensorboard>=2.9.1->stable-baselines3[extra]==2.2.1->-r requirements.txt (line 8))
  Using cached grpcio-1.73.1-cp310-cp310-manylinux_2_17_x86_64.manylinux2014_x86_64.whl.metadata (3.8 kB)
Collecting markdown>=2.6.8 (from tensorboard>=2.9.1->stable-baselines3[extra]==2.2.1->-r requirements.txt (line 8))
  Using cached markdown-3.8.2-py3-none-any.whl.metadata (5.1 kB)
Collecting protobuf!=4.24.0,>=3.19.6 (from tensorboard>=2.9.1->stable-baselines3[extra]==2.2.1->-r requirements.txt (line 8))
  Using cached protobuf-6.31.1-cp39-abi3-manylinux2014_x86_64.whl.metadata (593 bytes)
Requirement already satisfied: setuptools>=41.0.0 in /home4/s5193559/.conda/envs/Bsc_Env/lib/python3.10/site-packages (from tensorboard>=2.9.1->stable-baselines3[extra]==2.2.1->-r requirements.txt (line 8)) (78.1.1)
Collecting tensorboard-data-server<0.8.0,>=0.7.0 (from tensorboard>=2.9.1->stable-baselines3[extra]==2.2.1->-r requirements.txt (line 8))
  Using cached tensorboard_data_server-0.7.2-py3-none-any.whl.metadata (1.1 kB)
Collecting werkzeug>=1.0.1 (from tensorboard>=2.9.1->stable-baselines3[extra]==2.2.1->-r requirements.txt (line 8))
  Using cached werkzeug-3.1.3-py3-none-any.whl.metadata (3.7 kB)
Collecting distlib<1,>=0.3.7 (from virtualenv>=20.10.0->pre-commit==3.3.3->-r requirements.txt (line 1))
  Using cached distlib-0.4.0-py2.py3-none-any.whl.metadata (5.2 kB)
Collecting platformdirs<5,>=3.9.1 (from virtualenv>=20.10.0->pre-commit==3.3.3->-r requirements.txt (line 1))
  Using cached platformdirs-4.3.8-py3-none-any.whl.metadata (12 kB)
Collecting MarkupSafe>=2.1.1 (from werkzeug>=1.0.1->tensorboard>=2.9.1->stable-baselines3[extra]==2.2.1->-r requirements.txt (line 8))
  Using cached MarkupSafe-3.0.2-cp310-cp310-manylinux_2_17_x86_64.manylinux2014_x86_64.whl.metadata (4.0 kB)
INFO: pip is looking at multiple versions of opencv-python to determine which version is compatible with other requirements. This could take a while.
Collecting opencv-python (from stable-baselines3[extra]==2.2.1->-r requirements.txt (line 8))
  Using cached opencv_python-4.11.0.86-cp37-abi3-manylinux_2_17_x86_64.manylinux2014_x86_64.whl.metadata (20 kB)
Collecting charset_normalizer<4,>=2 (from requests->autorom~=0.6.1->autorom[accept-rom-license]~=0.6.1; extra == "extra"->stable-baselines3[extra]==2.2.1->-r requirements.txt (line 8))
  Using cached charset_normalizer-3.4.2-cp310-cp310-manylinux_2_17_x86_64.manylinux2014_x86_64.whl.metadata (35 kB)
Collecting idna<4,>=2.5 (from requests->autorom~=0.6.1->autorom[accept-rom-license]~=0.6.1; extra == "extra"->stable-baselines3[extra]==2.2.1->-r requirements.txt (line 8))
  Using cached idna-3.10-py3-none-any.whl.metadata (10 kB)
Collecting urllib3<3,>=1.21.1 (from requests->autorom~=0.6.1->autorom[accept-rom-license]~=0.6.1; extra == "extra"->stable-baselines3[extra]==2.2.1->-r requirements.txt (line 8))
  Using cached urllib3-2.5.0-py3-none-any.whl.metadata (6.5 kB)
Collecting certifi>=2017.4.17 (from requests->autorom~=0.6.1->autorom[accept-rom-license]~=0.6.1; extra == "extra"->stable-baselines3[extra]==2.2.1->-r requirements.txt (line 8))
  Using cached certifi-2025.7.14-py3-none-any.whl.metadata (2.4 kB)
Collecting markdown-it-py>=2.2.0 (from rich->stable-baselines3[extra]==2.2.1->-r requirements.txt (line 8))
  Using cached markdown_it_py-3.0.0-py3-none-any.whl.metadata (6.9 kB)
Collecting pygments<3.0.0,>=2.13.0 (from rich->stable-baselines3[extra]==2.2.1->-r requirements.txt (line 8))
  Using cached pygments-2.19.2-py3-none-any.whl.metadata (2.5 kB)
Collecting mdurl~=0.1 (from markdown-it-py>=2.2.0->rich->stable-baselines3[extra]==2.2.1->-r requirements.txt (line 8))
  Using cached mdurl-0.1.2-py3-none-any.whl.metadata (1.6 kB)
Collecting mpmath<1.4,>=1.1.0 (from sympy->torch==2.1.2->-r requirements.txt (line 3))
  Using cached mpmath-1.3.0-py3-none-any.whl.metadata (8.6 kB)
Using cached pre_commit-3.3.3-py2.py3-none-any.whl (202 kB)
Using cached gymnasium-0.29.0-py3-none-any.whl (953 kB)
Using cached torch-2.1.2-cp310-cp310-manylinux1_x86_64.whl (670.2 MB)
Using cached pandas-2.0.3-cp310-cp310-manylinux_2_17_x86_64.manylinux2014_x86_64.whl (12.3 MB)
Using cached matplotlib-3.7.2-cp310-cp310-manylinux_2_17_x86_64.manylinux2014_x86_64.whl (11.6 MB)
Using cached numpy-1.24.1-cp310-cp310-manylinux_2_17_x86_64.manylinux2014_x86_64.whl (17.3 MB)
Using cached cloudpickle-2.2.1-py3-none-any.whl (25 kB)
Using cached stable_baselines3-2.2.1-py3-none-any.whl (181 kB)
Using cached optuna-3.3.0-py3-none-any.whl (404 kB)
Using cached snakeviz-2.2.0-py2.py3-none-any.whl (283 kB)
Using cached nvidia_cublas_cu12-12.1.3.1-py3-none-manylinux1_x86_64.whl (410.6 MB)
Using cached nvidia_cuda_cupti_cu12-12.1.105-py3-none-manylinux1_x86_64.whl (14.1 MB)
Using cached nvidia_cuda_nvrtc_cu12-12.1.105-py3-none-manylinux1_x86_64.whl (23.7 MB)
Using cached nvidia_cuda_runtime_cu12-12.1.105-py3-none-manylinux1_x86_64.whl (823 kB)
Using cached nvidia_cudnn_cu12-8.9.2.26-py3-none-manylinux1_x86_64.whl (731.7 MB)
Using cached nvidia_cufft_cu12-11.0.2.54-py3-none-manylinux1_x86_64.whl (121.6 MB)
Using cached nvidia_curand_cu12-10.3.2.106-py3-none-manylinux1_x86_64.whl (56.5 MB)
Using cached nvidia_cusolver_cu12-11.4.5.107-py3-none-manylinux1_x86_64.whl (124.2 MB)
Using cached nvidia_cusparse_cu12-12.1.0.106-py3-none-manylinux1_x86_64.whl (196.0 MB)
Using cached nvidia_nccl_cu12-2.18.1-py3-none-manylinux1_x86_64.whl (209.8 MB)
Using cached nvidia_nvtx_cu12-12.1.105-py3-none-manylinux1_x86_64.whl (99 kB)
Using cached triton-2.1.0-0-cp310-cp310-manylinux2014_x86_64.manylinux_2_17_x86_64.whl (89.2 MB)
Using cached AutoROM-0.6.1-py3-none-any.whl (9.4 kB)
Using cached pyparsing-3.0.9-py3-none-any.whl (98 kB)
Using cached Shimmy-1.3.0-py3-none-any.whl (37 kB)
Using cached ale_py-0.8.1-cp310-cp310-manylinux_2_17_x86_64.manylinux2014_x86_64.whl (1.7 MB)
Using cached alembic-1.16.4-py3-none-any.whl (247 kB)
Using cached cfgv-3.4.0-py2.py3-none-any.whl (7.2 kB)
Using cached cmaes-0.11.1-py3-none-any.whl (35 kB)
Using cached contourpy-1.3.2-cp310-cp310-manylinux_2_17_x86_64.manylinux2014_x86_64.whl (325 kB)
Using cached cycler-0.12.1-py3-none-any.whl (8.3 kB)
Using cached Farama_Notifications-0.0.4-py3-none-any.whl (2.5 kB)
Using cached fonttools-4.59.0-cp310-cp310-manylinux2014_x86_64.manylinux_2_17_x86_64.whl (4.8 MB)
Using cached identify-2.6.12-py2.py3-none-any.whl (99 kB)
Using cached kiwisolver-1.4.8-cp310-cp310-manylinux_2_12_x86_64.manylinux2010_x86_64.whl (1.6 MB)
Using cached nodeenv-1.9.1-py2.py3-none-any.whl (22 kB)
Using cached packaging-25.0-py3-none-any.whl (66 kB)
Using cached pillow-11.3.0-cp310-cp310-manylinux_2_27_x86_64.manylinux_2_28_x86_64.whl (6.6 MB)
Using cached python_dateutil-2.9.0.post0-py2.py3-none-any.whl (229 kB)
Using cached pytz-2025.2-py2.py3-none-any.whl (509 kB)
Using cached PyYAML-6.0.2-cp310-cp310-manylinux_2_17_x86_64.manylinux2014_x86_64.whl (751 kB)
Using cached six-1.17.0-py2.py3-none-any.whl (11 kB)
Using cached sqlalchemy-2.0.41-cp310-cp310-manylinux_2_17_x86_64.manylinux2014_x86_64.whl (3.2 MB)
Using cached greenlet-3.2.3-cp310-cp310-manylinux_2_24_x86_64.manylinux_2_28_x86_64.whl (582 kB)
Using cached tensorboard-2.20.0-py3-none-any.whl (5.5 MB)
Using cached tensorboard_data_server-0.7.2-py3-none-any.whl (2.4 kB)
Using cached absl_py-2.3.1-py3-none-any.whl (135 kB)
Using cached grpcio-1.73.1-cp310-cp310-manylinux_2_17_x86_64.manylinux2014_x86_64.whl (6.0 MB)
Using cached markdown-3.8.2-py3-none-any.whl (106 kB)
Using cached protobuf-6.31.1-cp39-abi3-manylinux2014_x86_64.whl (321 kB)
Using cached tornado-6.5.1-cp39-abi3-manylinux_2_5_x86_64.manylinux1_x86_64.manylinux_2_17_x86_64.manylinux2014_x86_64.whl (443 kB)
Using cached typing_extensions-4.14.1-py3-none-any.whl (43 kB)
Using cached tzdata-2025.2-py2.py3-none-any.whl (347 kB)
Using cached virtualenv-20.31.2-py3-none-any.whl (6.1 MB)
Using cached distlib-0.4.0-py2.py3-none-any.whl (469 kB)
Using cached filelock-3.18.0-py3-none-any.whl (16 kB)
Using cached platformdirs-4.3.8-py3-none-any.whl (18 kB)
Using cached werkzeug-3.1.3-py3-none-any.whl (224 kB)
Using cached MarkupSafe-3.0.2-cp310-cp310-manylinux_2_17_x86_64.manylinux2014_x86_64.whl (20 kB)
Using cached click-8.2.1-py3-none-any.whl (102 kB)
Using cached colorlog-6.9.0-py3-none-any.whl (11 kB)
Using cached fsspec-2025.7.0-py3-none-any.whl (199 kB)
Using cached importlib_resources-6.5.2-py3-none-any.whl (37 kB)
Using cached jinja2-3.1.6-py3-none-any.whl (134 kB)
Using cached mako-1.3.10-py3-none-any.whl (78 kB)
Using cached networkx-3.4.2-py3-none-any.whl (1.7 MB)
Using cached nvidia_nvjitlink_cu12-12.9.86-py3-none-manylinux2010_x86_64.manylinux_2_12_x86_64.whl (39.7 MB)
Using cached opencv_python-4.11.0.86-cp37-abi3-manylinux_2_17_x86_64.manylinux2014_x86_64.whl (63.0 MB)
Using cached psutil-7.0.0-cp36-abi3-manylinux_2_12_x86_64.manylinux2010_x86_64.manylinux_2_17_x86_64.manylinux2014_x86_64.whl (277 kB)
Using cached pygame-2.6.1-cp310-cp310-manylinux_2_17_x86_64.manylinux2014_x86_64.whl (14.0 MB)
Using cached requests-2.32.4-py3-none-any.whl (64 kB)
Using cached charset_normalizer-3.4.2-cp310-cp310-manylinux_2_17_x86_64.manylinux2014_x86_64.whl (149 kB)
Using cached idna-3.10-py3-none-any.whl (70 kB)
Using cached urllib3-2.5.0-py3-none-any.whl (129 kB)
Using cached certifi-2025.7.14-py3-none-any.whl (162 kB)
Using cached rich-14.0.0-py3-none-any.whl (243 kB)
Using cached pygments-2.19.2-py3-none-any.whl (1.2 MB)
Using cached markdown_it_py-3.0.0-py3-none-any.whl (87 kB)
Using cached mdurl-0.1.2-py3-none-any.whl (10.0 kB)
Using cached sympy-1.14.0-py3-none-any.whl (6.3 MB)
Using cached mpmath-1.3.0-py3-none-any.whl (536 kB)
Using cached tomli-2.2.1-py3-none-any.whl (14 kB)
Using cached tqdm-4.67.1-py3-none-any.whl (78 kB)
Installing collected packages: pytz, mpmath, farama-notifications, distlib, urllib3, tzdata, typing-extensions, tqdm, tornado, tomli, tensorboard-data-server, sympy, six, pyyaml, pyparsing, pygments, pygame, psutil, protobuf, platformdirs, pillow, packaging, nvidia-nvtx-cu12, nvidia-nvjitlink-cu12, nvidia-nccl-cu12, nvidia-curand-cu12, nvidia-cufft-cu12, nvidia-cuda-runtime-cu12, nvidia-cuda-nvrtc-cu12, nvidia-cuda-cupti-cu12, nvidia-cublas-cu12, numpy, nodeenv, networkx, mdurl, MarkupSafe, markdown, kiwisolver, importlib-resources, idna, identify, grpcio, greenlet, fsspec, fonttools, filelock, cycler, colorlog, cloudpickle, click, charset_normalizer, cfgv, certifi, absl-py, werkzeug, virtualenv, triton, sqlalchemy, snakeviz, requests, python-dateutil, opencv-python, nvidia-cusparse-cu12, nvidia-cudnn-cu12, markdown-it-py, Mako, jinja2, gymnasium, contourpy, cmaes, ale-py, tensorboard, shimmy, rich, pre-commit, pandas, nvidia-cusolver-cu12, matplotlib, AutoROM.accept-rom-license, autorom, alembic, torch, optuna, stable-baselines3
  Attempting uninstall: numpy
    Found existing installation: numpy 1.21.6
    Uninstalling numpy-1.21.6:
      Successfully uninstalled numpy-1.21.6

Successfully installed AutoROM.accept-rom-license-0.6.1 Mako-1.3.10 MarkupSafe-3.0.2 absl-py-2.3.1 ale-py-0.8.1 alembic-1.16.4 autorom-0.6.1 certifi-2025.7.14 cfgv-3.4.0 charset_normalizer-3.4.2 click-8.2.1 cloudpickle-2.2.1 cmaes-0.11.1 colorlog-6.9.0 contourpy-1.3.2 cycler-0.12.1 distlib-0.4.0 farama-notifications-0.0.4 filelock-3.18.0 fonttools-4.59.0 fsspec-2025.7.0 greenlet-3.2.3 grpcio-1.73.1 gymnasium-0.29.0 identify-2.6.12 idna-3.10 importlib-resources-6.5.2 jinja2-3.1.6 kiwisolver-1.4.8 markdown-3.8.2 markdown-it-py-3.0.0 matplotlib-3.7.2 mdurl-0.1.2 mpmath-1.3.0 networkx-3.4.2 nodeenv-1.9.1 numpy-1.24.1 nvidia-cublas-cu12-12.1.3.1 nvidia-cuda-cupti-cu12-12.1.105 nvidia-cuda-nvrtc-cu12-12.1.105 nvidia-cuda-runtime-cu12-12.1.105 nvidia-cudnn-cu12-8.9.2.26 nvidia-cufft-cu12-11.0.2.54 nvidia-curand-cu12-10.3.2.106 nvidia-cusolver-cu12-11.4.5.107 nvidia-cusparse-cu12-12.1.0.106 nvidia-nccl-cu12-2.18.1 nvidia-nvjitlink-cu12-12.9.86 nvidia-nvtx-cu12-12.1.105 opencv-python-4.11.0.86 optuna-3.3.0 packaging-25.0 pandas-2.0.3 pillow-11.3.0 platformdirs-4.3.8 pre-commit-3.3.3 protobuf-6.31.1 psutil-7.0.0 pygame-2.6.1 pygments-2.19.2 pyparsing-3.0.9 python-dateutil-2.9.0.post0 pytz-2025.2 pyyaml-6.0.2 requests-2.32.4 rich-14.0.0 shimmy-1.3.0 six-1.17.0 snakeviz-2.2.0 sqlalchemy-2.0.41 stable-baselines3-2.2.1 sympy-1.14.0 tensorboard-2.20.0 tensorboard-data-server-0.7.2 tomli-2.2.1 torch-2.1.2 tornado-6.5.1 tqdm-4.67.1 triton-2.1.0 typing-extensions-4.14.1 tzdata-2025.2 urllib3-2.5.0 virtualenv-20.31.2 werkzeug-3.1.3
setting up environment and model...
Prosthetic model path: /home4/s5193559/BscThesisDRLUpperArm/osim/models/OS4_gait14dof15musc_2act_LTFP_VR_DynAct.osim
Setting up MLP policy and Stable Baelines3 PPO algorithm...
Organizing the run and setting up logger...
initializing model...
Logging to ./models/standard_run
Starting to train the model...
Traceback (most recent call last):
  File "/home4/s5193559/BscThesisDRLUpperArm/run_script.py", line 226, in <module>
    model.learn(total_timesteps=args.total_timesteps, progress_bar=True, log_interval=2)
  File "/home4/s5193559/BscThesisDRLUpperArm/stable_baselines3/ppo/ppo.py", line 334, in learn
    return super().learn(
  File "/home4/s5193559/BscThesisDRLUpperArm/stable_baselines3/common/on_policy_algorithm.py", line 263, in learn
    continue_training = self.collect_rollouts(
  File "/home4/s5193559/BscThesisDRLUpperArm/stable_baselines3/common/on_policy_algorithm.py", line 182, in collect_rollouts
    new_obs, rewards, dones, infos = env.step(clipped_actions)
  File "/home4/s5193559/BscThesisDRLUpperArm/stable_baselines3/common/vec_env/base_vec_env.py", line 203, in step
    return self.step_wait()
  File "/home4/s5193559/BscThesisDRLUpperArm/stable_baselines3/common/vec_env/subproc_vec_env.py", line 134, in step_wait
    results = [remote.recv() for remote in self.remotes]
  File "/home4/s5193559/BscThesisDRLUpperArm/stable_baselines3/common/vec_env/subproc_vec_env.py", line 134, in <listcomp>
    results = [remote.recv() for remote in self.remotes]
  File "/home4/s5193559/.conda/envs/Bsc_Env/lib/python3.10/multiprocessing/connection.py", line 250, in recv
    buf = self._recv_bytes()
  File "/home4/s5193559/.conda/envs/Bsc_Env/lib/python3.10/multiprocessing/connection.py", line 414, in _recv_bytes
    buf = self._recv(4)
  File "/home4/s5193559/.conda/envs/Bsc_Env/lib/python3.10/multiprocessing/connection.py", line 383, in _recv
    raise EOFError
EOFError
Exception ignored in: <function tqdm.__del__ at 0x7f45555b1ea0>
Traceback (most recent call last):
  File "/home4/s5193559/.conda/envs/Bsc_Env/lib/python3.10/site-packages/tqdm/std.py", line 1148, in __del__
  File "/home4/s5193559/.conda/envs/Bsc_Env/lib/python3.10/site-packages/tqdm/rich.py", line 121, in close
  File "/home4/s5193559/.conda/envs/Bsc_Env/lib/python3.10/site-packages/rich/progress.py", line 1191, in __exit__
  File "/home4/s5193559/.conda/envs/Bsc_Env/lib/python3.10/site-packages/rich/progress.py", line 1177, in stop
  File "/home4/s5193559/.conda/envs/Bsc_Env/lib/python3.10/site-packages/rich/live.py", line 150, in stop
  File "/home4/s5193559/.conda/envs/Bsc_Env/lib/python3.10/site-packages/rich/live.py", line 247, in refresh
  File "/home4/s5193559/.conda/envs/Bsc_Env/lib/python3.10/site-packages/rich/console.py", line 1693, in print
  File "/home4/s5193559/.conda/envs/Bsc_Env/lib/python3.10/site-packages/rich/console.py", line 1550, in _collect_renderables
  File "/home4/s5193559/.conda/envs/Bsc_Env/lib/python3.10/site-packages/rich/protocol.py", line 28, in rich_cast
ImportError: sys.meta_path is None, Python is likely shutting down
slurmstepd: error: Detected 1 oom_kill event in StepId=18582371.batch. Some of the step tasks have been OOM Killed.

###############################################################################
H치br칩k Cluster
Job 18582371 for user s5193559
Finished at: Fri Jul 18 18:03:10 CEST 2025

Job details:
============

Job ID                         : 18582371
Name                           : BscThesisDRLUpperArm
User                           : s5193559
Partition                      : regularmedium
Nodes                          : node100
Number of Nodes                : 1
Cores                          : 1
Number of Tasks                : 1
State                          : OUT_OF_MEMORY  
Submit                         : 2025-07-18T17:53:54
Start                          : 2025-07-18T17:53:55
End                            : 2025-07-18T18:03:06
Reserved walltime              : 10:00:00
Used walltime                  : 00:09:11
Used CPU time                  : 00:02:54 (Efficiency: 31.50%)
% User (Computation)           : 72.73%
% System (I/O)                 : 27.27%
Total memory reserved          : 5G
Maximum memory used            : 1.43G
Hints and tips      :
 1) The program efficiency is low.
    Check the file in- and output pattern of your application.
 2) You requested much more CPU memory than your program used.
    Please reduce the requested amount of memory.
 *) For more information on these issues see:
    https://wiki.hpc.rug.nl/habrok/additional_information/job_hints

Acknowledgements:
=================

Please see this page for information about acknowledging H치br칩k in your publications:

https://wiki.hpc.rug.nl/habrok/introduction/scientific_output

################################################################################
